-------------------------------------------------------------------------------
Test set: in.lovi.TestCreateUser
-------------------------------------------------------------------------------
Tests run: 2, Failures: 2, Errors: 0, Skipped: 0, Time elapsed: 0.016 s <<< FAILURE! - in in.lovi.TestCreateUser
in.lovi.TestCreateUser.testCreatUserWithInvalidInput()  Time elapsed: 0.001 s  <<< FAILURE!
java.lang.Error: 
Unresolved compilation problem: 
	expectedMessage cannot be resolved

	at in.lovi.TestCreateUser.testCreatUserWithInvalidInput(TestCreateUser.java:37)

in.lovi.TestCreateUser.testCreateUserWithValidataInput()  Time elapsed: 0.009 s  <<< FAILURE!
org.opentest4j.AssertionFailedError: 
Unexpected exception thrown: java.lang.Error: Unresolved compilation problem: 
	UserValidator cannot be resolved

	at org.junit.jupiter.api.AssertDoesNotThrow.createAssertionFailedError(AssertDoesNotThrow.java:83)
	at org.junit.jupiter.api.AssertDoesNotThrow.assertDoesNotThrow(AssertDoesNotThrow.java:54)
	at org.junit.jupiter.api.AssertDoesNotThrow.assertDoesNotThrow(AssertDoesNotThrow.java:37)
	at org.junit.jupiter.api.Assertions.assertDoesNotThrow(Assertions.java:3135)
	at in.lovi.TestCreateUser.testCreateUserWithValidataInput(TestCreateUser.java:23)
Caused by: java.lang.Error: Unresolved compilation problem: 
	UserValidator cannot be resolved

	at in.irfu.lovi.service.UserService.create(UserService.java:14)
	at in.lovi.TestCreateUser.lambda$0(TestCreateUser.java:24)
	at org.junit.jupiter.api.AssertDoesNotThrow.assertDoesNotThrow(AssertDoesNotThrow.java:50)
	... 16 more

